#
# A fatal error has been detected by the Java Runtime Environment:
#
#  EXCEPTION_ACCESS_VIOLATION (0xc0000005) at pc=0x0000000053c582b5, pid=10192, tid=11308
#
# JRE version: Java(TM) SE Runtime Environment (8.0_45-b14) (build 1.8.0_45-b14)
# Java VM: Java HotSpot(TM) 64-Bit Server VM (25.45-b02 mixed mode windows-amd64 compressed oops)
# Problematic frame:
# V  [jvm.dll+0x1282b5]
#
# Failed to write core dump. Minidumps are not enabled by default on client versions of Windows
#
# If you would like to submit a bug report, please visit:
#   http://bugreport.java.com/bugreport/crash.jsp
#

---------------  T H R E A D  ---------------

Current thread (0x0000000008944000):  JavaThread "JDWP Transport Listener: dt_socket" daemon [_thread_in_vm, id=11308, stack(0x0000000009e90000,0x0000000009f90000)]

siginfo: ExceptionCode=0xc0000005, reading address 0xffffffffffffffff

Registers:
RAX=0x0000000009f8f501, RBX=0x0000000008944000, RCX=0x80000a001e30f921, RDX=0x0000000000000000
RSP=0x0000000009f8f5a0, RBP=0x80000a001e30f921, RSI=0x0000000009f8f6b8, RDI=0x000000000111ab70
R8 =0x0000000008944000, R9 =0x0000000000000000, R10=0x0000000000000000, R11=0x0000000000000064
R12=0x0000000000000000, R13=0x0000000008952868, R14=0x0000000000000000, R15=0x0000000000000000
RIP=0x0000000053c582b5, EFLAGS=0x0000000000010286

Top of Stack: (sp=0x0000000009f8f5a0)
0x0000000009f8f5a0:   0000000008944000 0000000008944000
0x0000000009f8f5b0:   0000000009f8f668 0000000053e5c7db
0x0000000009f8f5c0:   0000000008944000 0000000053e7903d
0x0000000009f8f5d0:   0000000000000000 0000000053ad9155
0x0000000009f8f5e0:   000000000ac25028 0000000053ae291e
0x0000000009f8f5f0:   0000000008944000 0000000000000000
0x0000000009f8f600:   0000000000000000 0000000000000000
0x0000000009f8f610:   80000a001e30f921 0000000053ae1a15
0x0000000009f8f620:   0000000009f8f6b8 0000000009f8f690
0x0000000009f8f630:   0000000000000001 000000000ac25028
0x0000000009f8f640:   80000a001e30f921 0000000053ac53b3
0x0000000009f8f650:   0000000009f8f780 0000000000000001
0x0000000009f8f660:   0000000000000001 000000000ac25028
0x0000000009f8f670:   00000000f000100a 0000000000000000
0x0000000009f8f680:   0000000000000000 0000000000000000
0x0000000009f8f690:   0000000000000001 0000000053ac5571 

Instructions: (pc=0x0000000053c582b5)
0x0000000053c58295:   cc cc cc cc cc cc cc cc cc cc cc 48 83 ec 28 48
0x0000000053c582a5:   85 c9 75 07 33 c0 48 83 c4 28 c3 48 89 5c 24 20
0x0000000053c582b5:   48 8b 19 48 85 db 74 20 48 83 fb 37 74 1a 48 8b
0x0000000053c582c5:   13 48 8b cb ff 52 10 84 c0 74 0d 48 8b c3 48 8b 


Register to memory mapping:

RAX=0x0000000009f8f501 is pointing into the stack for thread: 0x0000000008944000
RBX=0x0000000008944000 is a thread
RCX=0x80000a001e30f921 is an unknown value
RDX=0x0000000000000000 is an unknown value
RSP=0x0000000009f8f5a0 is pointing into the stack for thread: 0x0000000008944000
RBP=0x80000a001e30f921 is an unknown value
RSI=0x0000000009f8f6b8 is pointing into the stack for thread: 0x0000000008944000
RDI=0x000000000111ab70 is an unknown value
R8 =0x0000000008944000 is a thread
R9 =0x0000000000000000 is an unknown value
R10=0x0000000000000000 is an unknown value
R11=0x0000000000000064 is an unknown value
R12=0x0000000000000000 is an unknown value
R13=0x0000000008952868 is an unknown value
R14=0x0000000000000000 is an unknown value
R15=0x0000000000000000 is an unknown value


Stack: [0x0000000009e90000,0x0000000009f90000],  sp=0x0000000009f8f5a0,  free space=1021k
Native frames: (J=compiled Java code, j=interpreted, Vv=VM code, C=native code)
V  [jvm.dll+0x1282b5]
V  [jvm.dll+0x34903d]
C  [jdwp.dll+0x21a15]
C  [jdwp.dll+0x53b3]
C  [jdwp.dll+0x5571]
C  [jdwp.dll+0xf0a8]
C  [jdwp.dll+0x1f2d5]
C  [jdwp.dll+0x1f4aa]
V  [jvm.dll+0x1bae98]
V  [jvm.dll+0x241984]
V  [jvm.dll+0x29853a]
C  [msvcr100.dll+0x21d9f]
C  [msvcr100.dll+0x21e3b]
C  [KERNEL32.DLL+0x12d92]
C  [ntdll.dll+0x9f64]


---------------  P R O C E S S  ---------------

Java Threads: ( => current thread )
  0x000000000ad5b800 JavaThread "Abandoned connection cleanup thread" daemon [_thread_blocked, id=11356, stack(0x000000000e3c0000,0x000000000e4c0000)]
  0x000000000ad5a000 JavaThread "Prism Font Disposer" daemon [_thread_blocked, id=10892, stack(0x000000000e0c0000,0x000000000e1c0000)]
  0x000000000a678800 JavaThread "Thread-3" daemon [_thread_blocked, id=960, stack(0x000000000db40000,0x000000000dc40000)]
  0x000000000a676000 JavaThread "JavaFX-Launcher" [_thread_blocked, id=14204, stack(0x000000000dc40000,0x000000000dd40000)]
  0x000000000abad800 JavaThread "JavaFX Application Thread" [_thread_blocked, id=4892, stack(0x000000000bc70000,0x000000000bd70000)]
  0x000000000abb8000 JavaThread "Thread-1" daemon [_thread_blocked, id=7020, stack(0x000000000bb70000,0x000000000bc70000)]
  0x000000000a63f000 JavaThread "QuantumRenderer-0" daemon [_thread_blocked, id=12680, stack(0x000000000aa90000,0x000000000ab90000)]
  0x000000000a2dd800 JavaThread "Service Thread" daemon [_thread_blocked, id=12520, stack(0x000000000a890000,0x000000000a990000)]
  0x000000000a2bb000 JavaThread "C1 CompilerThread2" daemon [_thread_blocked, id=6672, stack(0x000000000a790000,0x000000000a890000)]
  0x000000000899e000 JavaThread "C2 CompilerThread1" daemon [_thread_blocked, id=13512, stack(0x000000000a690000,0x000000000a790000)]
  0x0000000008973000 JavaThread "C2 CompilerThread0" daemon [_thread_blocked, id=13448, stack(0x000000000a190000,0x000000000a290000)]
  0x0000000008959800 JavaThread "JDWP Command Reader" daemon [_thread_in_native, id=3096, stack(0x000000000a090000,0x000000000a190000)]
  0x0000000008955000 JavaThread "JDWP Event Helper Thread" daemon [_thread_blocked, id=10668, stack(0x0000000009f90000,0x000000000a090000)]
=>0x0000000008944000 JavaThread "JDWP Transport Listener: dt_socket" daemon [_thread_in_vm, id=11308, stack(0x0000000009e90000,0x0000000009f90000)]
  0x000000000893f000 JavaThread "Attach Listener" daemon [_thread_blocked, id=9292, stack(0x0000000009d90000,0x0000000009e90000)]
  0x000000000893e000 JavaThread "Signal Dispatcher" daemon [_thread_blocked, id=8760, stack(0x0000000009c90000,0x0000000009d90000)]
  0x0000000002e01800 JavaThread "Finalizer" daemon [_thread_blocked, id=11980, stack(0x0000000009b90000,0x0000000009c90000)]
  0x0000000002dfe800 JavaThread "Reference Handler" daemon [_thread_blocked, id=11432, stack(0x0000000009a90000,0x0000000009b90000)]
  0x0000000002d12800 JavaThread "main" [_thread_blocked, id=13060, stack(0x0000000002bb0000,0x0000000002cb0000)]

Other Threads:
  0x0000000008908000 VMThread [stack: 0x0000000009990000,0x0000000009a90000] [id=10556]
  0x000000000a2e2800 WatcherThread [stack: 0x000000000a990000,0x000000000aa90000] [id=6016]

VM state:not at safepoint (normal execution)

VM Mutex/Monitor currently owned by a thread: None

Heap:
 PSYoungGen      total 38400K, used 9781K [0x00000000d5f00000, 0x00000000d8980000, 0x0000000100000000)
  eden space 33280K, 14% used [0x00000000d5f00000,0x00000000d6393518,0x00000000d7f80000)
  from space 5120K, 99% used [0x00000000d7f80000,0x00000000d847a238,0x00000000d8480000)
  to   space 5120K, 0% used [0x00000000d8480000,0x00000000d8480000,0x00000000d8980000)
 ParOldGen       total 87552K, used 744K [0x0000000081c00000, 0x0000000087180000, 0x00000000d5f00000)
  object space 87552K, 0% used [0x0000000081c00000,0x0000000081cba0d8,0x0000000087180000)
 Metaspace       used 16111K, capacity 16652K, committed 16768K, reserved 1064960K
  class space    used 1997K, capacity 2105K, committed 2176K, reserved 1048576K

Card table byte_map: [0x00000000031d0000,0x00000000035d0000] byte_map_base: 0x0000000002dc2000

Marking Bits: (ParMarkBitMap*) 0x0000000054334040
 Begin Bits: [0x0000000003c80000, 0x0000000005c10000)
 End Bits:   [0x0000000005c10000, 0x0000000007ba0000)

Polling page: 0x0000000001100000

CodeCache: size=245760Kb used=4173Kb max_used=4173Kb free=241587Kb
 bounds [0x000000000f010000, 0x000000000f430000, 0x000000001e010000]
 total_blobs=1636 nmethods=1103 adapters=454
 compilation: enabled

Compilation events (10 events):
Event: 3.155 Thread 0x000000000a2bb000 1099       1       java.util.Formatter$Flags::valueOf (5 bytes)
Event: 3.155 Thread 0x000000000a2bb000 nmethod 1099 0x000000000f420fd0 code [0x000000000f421120, 0x000000000f421230]
Event: 6.001 Thread 0x000000000a2bb000 1100       3       com.sun.javafx.tk.quantum.QuantumToolkit$$Lambda$41/762165384::run (8 bytes)
Event: 6.001 Thread 0x000000000a2bb000 nmethod 1100 0x000000000f421290 code [0x000000000f421440, 0x000000000f4218a8]
Event: 7.385 Thread 0x000000000a2bb000 1101       3       com.sun.javafx.tk.quantum.QuantumToolkit::postPulse (148 bytes)
Event: 7.388 Thread 0x000000000a2bb000 nmethod 1101 0x000000000f421ad0 code [0x000000000f421e40, 0x000000000f423e98]
Event: 7.392 Thread 0x000000000a2bb000 1102       3       java.lang.Class::arrayContentsEq (70 bytes)
Event: 7.392 Thread 0x000000000a2bb000 nmethod 1102 0x000000000f4249d0 code [0x000000000f424b60, 0x000000000f424fb0]
Event: 7.392 Thread 0x000000000a2bb000 1103       3       sun.reflect.ConstructorAccessorImpl::<init> (5 bytes)
Event: 7.392 Thread 0x000000000a2bb000 nmethod 1103 0x000000000f425110 code [0x000000000f425280, 0x000000000f425490]

GC Heap History (2 events):
Event: 2.439 GC heap before
{Heap before GC invocations=1 (full 0):
 PSYoungGen      total 38400K, used 33280K [0x00000000d5f00000, 0x00000000d8980000, 0x0000000100000000)
  eden space 33280K, 100% used [0x00000000d5f00000,0x00000000d7f80000,0x00000000d7f80000)
  from space 5120K, 0% used [0x00000000d8480000,0x00000000d8480000,0x00000000d8980000)
  to   space 5120K, 0% used [0x00000000d7f80000,0x00000000d7f80000,0x00000000d8480000)
 ParOldGen       total 87552K, used 0K [0x0000000081c00000, 0x0000000087180000, 0x00000000d5f00000)
  object space 87552K, 0% used [0x0000000081c00000,0x0000000081c00000,0x0000000087180000)
 Metaspace       used 14271K, capacity 14732K, committed 14976K, reserved 1062912K
  class space    used 1801K, capacity 1913K, committed 1920K, reserved 1048576K
Event: 2.457 GC heap after
Heap after GC invocations=1 (full 0):
 PSYoungGen      total 38400K, used 5096K [0x00000000d5f00000, 0x00000000d8980000, 0x0000000100000000)
  eden space 33280K, 0% used [0x00000000d5f00000,0x00000000d5f00000,0x00000000d7f80000)
  from space 5120K, 99% used [0x00000000d7f80000,0x00000000d847a238,0x00000000d8480000)
  to   space 5120K, 0% used [0x00000000d8480000,0x00000000d8480000,0x00000000d8980000)
 ParOldGen       total 87552K, used 744K [0x0000000081c00000, 0x0000000087180000, 0x00000000d5f00000)
  object space 87552K, 0% used [0x0000000081c00000,0x0000000081cba0d8,0x0000000087180000)
 Metaspace       used 14271K, capacity 14732K, committed 14976K, reserved 1062912K
  class space    used 1801K, capacity 1913K, committed 1920K, reserved 1048576K
}

Deoptimization events (10 events):
Event: 1.353 Thread 0x000000000abad800 Uncommon trap: reason=unstable_if action=reinterpret pc=0x000000000f204260 method=java.lang.String.indexOf([CII[CIII)I @ 134
Event: 1.430 Thread 0x000000000abad800 Uncommon trap: reason=unstable_if action=reinterpret pc=0x000000000f2cba08 method=java.util.HashMap.getNode(ILjava/lang/Object;)Ljava/util/HashMap$Node; @ 84
Event: 1.845 Thread 0x000000000abad800 Uncommon trap: reason=unstable_if action=reinterpret pc=0x000000000f30179c method=java.lang.AbstractStringBuilder.append(Ljava/lang/String;)Ljava/lang/AbstractStringBuilder; @ 1
Event: 1.853 Thread 0x000000000abad800 Uncommon trap: reason=unstable_if action=reinterpret pc=0x000000000f2ad3f8 method=sun.nio.cs.UTF_8$Decoder.decode([BII[C)I @ 30
Event: 1.886 Thread 0x000000000abad800 Uncommon trap: reason=unstable_if action=reinterpret pc=0x000000000f336cf8 method=sun.net.www.ParseUtil.encodePath(Ljava/lang/String;Z)Ljava/lang/String; @ 109
Event: 2.256 Thread 0x000000000abad800 Uncommon trap: reason=unstable_if action=reinterpret pc=0x000000000f339c2c method=java.lang.String.indexOf([CII[CIII)I @ 3
Event: 2.680 Thread 0x000000000abad800 Uncommon trap: reason=unstable_if action=reinterpret pc=0x000000000f3722f0 method=java.util.Properties.loadConvert([CII[C)Ljava/lang/String; @ 4
Event: 2.684 Thread 0x000000000abad800 Uncommon trap: reason=unstable_if action=reinterpret pc=0x000000000f36f810 method=java.util.Properties$LineReader.readLine()I @ 252
Event: 2.701 Thread 0x000000000abad800 Uncommon trap: reason=unstable_if action=reinterpret pc=0x000000000f3f8164 method=java.util.Properties$LineReader.readLine()I @ 174
Event: 3.138 Thread 0x000000000abad800 Uncommon trap: reason=unstable_if action=reinterpret pc=0x000000000f30230c method=sun.util.calendar.ZoneInfo.getOffsets(J[II)I @ 48

Internal exceptions (10 events):
Event: 1.290 Thread 0x000000000abad800 Exception <a 'java/lang/NullPointerException'> (0x00000000d6e34e30) thrown at [C:\re\workspace\8-2-build-windows-amd64-cygwin\jdk8u45\3457\hotspot\src\share\vm\interpreter\linkResolver.cpp, line 1178]
Event: 1.290 Thread 0x000000000abad800 Exception <a 'java/lang/NullPointerException'> (0x00000000d6e34e30) thrown at [C:\re\workspace\8-2-build-windows-amd64-cygwin\jdk8u45\3457\hotspot\src\share\vm\prims\jvm.cpp, line 1386]
Event: 1.655 Thread 0x000000000abad800 Exception <a 'java/lang/ArrayIndexOutOfBoundsException'> (0x00000000d75ccc38) thrown at [C:\re\workspace\8-2-build-windows-amd64-cygwin\jdk8u45\3457\hotspot\src\share\vm\runtime\sharedRuntime.cpp, line 605]
Event: 1.656 Thread 0x000000000abad800 Exception <a 'java/lang/ArrayIndexOutOfBoundsException'> (0x00000000d75cd870) thrown at [C:\re\workspace\8-2-build-windows-amd64-cygwin\jdk8u45\3457\hotspot\src\share\vm\runtime\sharedRuntime.cpp, line 605]
Event: 1.657 Thread 0x000000000abad800 Exception <a 'java/lang/ArrayIndexOutOfBoundsException'> (0x00000000d75ce528) thrown at [C:\re\workspace\8-2-build-windows-amd64-cygwin\jdk8u45\3457\hotspot\src\share\vm\runtime\sharedRuntime.cpp, line 605]
Event: 1.658 Thread 0x000000000abad800 Exception <a 'java/lang/ArrayIndexOutOfBoundsException'> (0x00000000d75cff48) thrown at [C:\re\workspace\8-2-build-windows-amd64-cygwin\jdk8u45\3457\hotspot\src\share\vm\runtime\sharedRuntime.cpp, line 605]
Event: 1.658 Thread 0x000000000abad800 Exception <a 'java/lang/ArrayIndexOutOfBoundsException'> (0x00000000d75d12b0) thrown at [C:\re\workspace\8-2-build-windows-amd64-cygwin\jdk8u45\3457\hotspot\src\share\vm\runtime\sharedRuntime.cpp, line 605]
Event: 1.671 Thread 0x000000000abad800 Exception <a 'java/lang/ArrayIndexOutOfBoundsException'> (0x00000000d75e6408) thrown at [C:\re\workspace\8-2-build-windows-amd64-cygwin\jdk8u45\3457\hotspot\src\share\vm\runtime\sharedRuntime.cpp, line 605]
Event: 1.766 Thread 0x000000000abad800 Exception <a 'java/lang/ArrayIndexOutOfBoundsException'> (0x00000000d77e89c0) thrown at [C:\re\workspace\8-2-build-windows-amd64-cygwin\jdk8u45\3457\hotspot\src\share\vm\runtime\sharedRuntime.cpp, line 605]
Event: 1.845 Thread 0x000000000abad800 Implicit null exception at 0x000000000f301319 to 0x000000000f301781

Events (10 events):
Event: 259.135 Executing VM operation: ChangeBreakpoints
Event: 259.135 Executing VM operation: ChangeBreakpoints done
Event: 259.136 Executing VM operation: ChangeBreakpoints
Event: 259.136 Executing VM operation: ChangeBreakpoints done
Event: 259.148 Executing VM operation: RedefineClasses
Event: 259.163 Executing VM operation: RedefineClasses done
Event: 259.165 Executing VM operation: GetOrSetLocal
Event: 259.165 Executing VM operation: GetOrSetLocal done
Event: 259.181 Executing VM operation: ChangeBreakpoints
Event: 259.181 Executing VM operation: ChangeBreakpoints done


Dynamic libraries:
0x00007ff77f320000 - 0x00007ff77f357000 	C:\Program Files\Java\jdk1.8.0_45\bin\java.exe
0x00007ff926de0000 - 0x00007ff926fa1000 	C:\WINDOWS\SYSTEM32\ntdll.dll
0x00007ff926d30000 - 0x00007ff926ddd000 	C:\WINDOWS\system32\KERNEL32.DLL
0x00007ff924160000 - 0x00007ff92433d000 	C:\WINDOWS\system32\KERNELBASE.dll
0x00007ff9244e0000 - 0x00007ff924586000 	C:\WINDOWS\system32\ADVAPI32.dll
0x00007ff924590000 - 0x00007ff92462d000 	C:\WINDOWS\system32\msvcrt.dll
0x00007ff924a80000 - 0x00007ff924adb000 	C:\WINDOWS\system32\sechost.dll
0x00007ff926980000 - 0x00007ff926aa6000 	C:\WINDOWS\system32\RPCRT4.dll
0x00007ff926750000 - 0x00007ff92689e000 	C:\WINDOWS\system32\USER32.dll
0x00007ff924ae0000 - 0x00007ff924c66000 	C:\WINDOWS\system32\GDI32.dll
0x00007ff91df90000 - 0x00007ff91e204000 	C:\WINDOWS\WinSxS\amd64_microsoft.windows.common-controls_6595b64144ccf1df_6.0.10240.16384_none_f41f7b285750ef43\COMCTL32.dll
0x00007ff924c80000 - 0x00007ff924cb6000 	C:\WINDOWS\system32\IMM32.DLL
0x00007ff926bd0000 - 0x00007ff926d2c000 	C:\WINDOWS\system32\MSCTF.dll
0x00007ff923700000 - 0x00007ff923731000 	C:\Windows\system32\nvinitx.dll
0x00007ff9236f0000 - 0x00007ff9236fa000 	C:\WINDOWS\SYSTEM32\VERSION.dll
0x000000000f000000 - 0x000000000f006000 	C:\Program Files\NVIDIA Corporation\CoProcManager\_etoured.dll
0x00007ff9214a0000 - 0x00007ff9214d2000 	C:\Program Files\NVIDIA Corporation\CoProcManager\nvd3d9wrapx.dll
0x00007ff924640000 - 0x00007ff924805000 	C:\WINDOWS\system32\SETUPAPI.dll
0x00007ff9238b0000 - 0x00007ff9238f4000 	C:\WINDOWS\system32\CFGMGR32.dll
0x00007ff921470000 - 0x00007ff921492000 	C:\Program Files\NVIDIA Corporation\CoProcManager\nvdxgiwrapx.dll
0x0000000054720000 - 0x00000000547f2000 	C:\Program Files\Java\jdk1.8.0_45\jre\bin\msvcr100.dll
0x0000000053b30000 - 0x00000000543b3000 	C:\Program Files\Java\jdk1.8.0_45\jre\bin\server\jvm.dll
0x00007ff924630000 - 0x00007ff924638000 	C:\WINDOWS\system32\PSAPI.DLL
0x00007ff91f0a0000 - 0x00007ff91f0a9000 	C:\WINDOWS\SYSTEM32\WSOCK32.dll
0x00007ff926530000 - 0x00007ff926599000 	C:\WINDOWS\system32\WS2_32.dll
0x00007ff924c70000 - 0x00007ff924c78000 	C:\WINDOWS\system32\NSI.dll
0x00007ff921d30000 - 0x00007ff921d53000 	C:\WINDOWS\SYSTEM32\WINMM.dll
0x00007ff921cd0000 - 0x00007ff921cfc000 	C:\WINDOWS\SYSTEM32\WINMMBASE.dll
0x00007ff922130000 - 0x00007ff922157000 	C:\WINDOWS\SYSTEM32\DEVOBJ.dll
0x0000000055b10000 - 0x0000000055b1f000 	C:\Program Files\Java\jdk1.8.0_45\jre\bin\verify.dll
0x0000000053b00000 - 0x0000000053b29000 	C:\Program Files\Java\jdk1.8.0_45\jre\bin\java.dll
0x0000000053ac0000 - 0x0000000053af5000 	C:\Program Files\Java\jdk1.8.0_45\jre\bin\jdwp.dll
0x0000000055b00000 - 0x0000000055b08000 	C:\Program Files\Java\jdk1.8.0_45\jre\bin\npt.dll
0x0000000054700000 - 0x0000000054716000 	C:\Program Files\Java\jdk1.8.0_45\jre\bin\zip.dll
0x00007ff924cc0000 - 0x00007ff9261e2000 	C:\WINDOWS\system32\SHELL32.dll
0x00007ff923960000 - 0x00007ff923f88000 	C:\WINDOWS\system32\windows.storage.dll
0x00007ff926250000 - 0x00007ff9264cc000 	C:\WINDOWS\system32\combase.dll
0x00007ff9261f0000 - 0x00007ff926241000 	C:\WINDOWS\system32\shlwapi.dll
0x00007ff923830000 - 0x00007ff92383f000 	C:\WINDOWS\system32\kernel.appcore.dll
0x00007ff9243f0000 - 0x00007ff9244a3000 	C:\WINDOWS\system32\shcore.dll
0x00007ff923840000 - 0x00007ff92388a000 	C:\WINDOWS\system32\powrprof.dll
0x00007ff923810000 - 0x00007ff923823000 	C:\WINDOWS\system32\profapi.dll
0x0000000055af0000 - 0x0000000055af9000 	C:\Program Files\Java\jdk1.8.0_45\jre\bin\dt_socket.dll
0x00007ff922fd0000 - 0x00007ff92302d000 	C:\WINDOWS\system32\mswsock.dll
0x0000000053a90000 - 0x0000000053abc000 	C:\Program Files\Java\jdk1.8.0_45\jre\bin\prism_d3d.dll
0x00007ff8fb4d0000 - 0x00007ff8fb6e0000 	C:\WINDOWS\system32\d3d9.dll
0x00007ff921200000 - 0x00007ff921222000 	C:\WINDOWS\SYSTEM32\dwmapi.dll
0x00007ff923900000 - 0x00007ff923954000 	C:\WINDOWS\system32\WINTRUST.dll
0x00007ff923890000 - 0x00007ff9238a1000 	C:\WINDOWS\system32\MSASN1.dll
0x000000000b7d0000 - 0x000000000b991000 	C:\WINDOWS\system32\CRYPT32.dll
0x00007ff922090000 - 0x00007ff922126000 	C:\WINDOWS\system32\uxtheme.dll
0x00007ff9207c0000 - 0x00007ff9208e5000 	C:\WINDOWS\SYSTEM32\nvumdshimx.dll
0x00007ff8ee2a0000 - 0x00007ff8eed0e000 	C:\WINDOWS\system32\igdumdim64.dll
0x00007ff91f7b0000 - 0x00007ff91fc0f000 	C:\WINDOWS\SYSTEM32\igdusc64.dll
0x0000000053a40000 - 0x0000000053a81000 	C:\Program Files\Java\jdk1.8.0_45\jre\bin\glass.dll
0x00007ff9268a0000 - 0x00007ff926977000 	C:\WINDOWS\system32\COMDLG32.dll
0x00007ff9248d0000 - 0x00007ff924a11000 	C:\WINDOWS\system32\ole32.dll
0x00007ff924810000 - 0x00007ff9248ce000 	C:\WINDOWS\system32\OLEAUT32.dll
0x00007ff9235e0000 - 0x00007ff92364b000 	C:\WINDOWS\SYSTEM32\bcryptPrimitives.dll
0x00000000539b0000 - 0x00000000539c5000 	C:\Program Files\Java\jdk1.8.0_45\jre\bin\javafx_font.dll
0x00007ff912770000 - 0x00007ff9129c9000 	C:\WINDOWS\SYSTEM32\dwrite.dll
0x0000000053a20000 - 0x0000000053a3a000 	C:\Program Files\Java\jdk1.8.0_45\jre\bin\net.dll
0x00007ff922d90000 - 0x00007ff922e38000 	C:\WINDOWS\SYSTEM32\DNSAPI.dll
0x00007ff919f70000 - 0x00007ff919f7a000 	C:\Windows\System32\rasadhlp.dll
0x00007ff91b910000 - 0x00007ff91b978000 	C:\WINDOWS\System32\fwpuclnt.dll
0x00007ff923740000 - 0x00007ff923768000 	C:\WINDOWS\SYSTEM32\bcrypt.dll
0x00007ff9176c0000 - 0x00007ff91784a000 	C:\WINDOWS\SYSTEM32\dbghelp.dll

VM Arguments:
jvm_args: -agentlib:jdwp=transport=dt_socket,address=127.0.0.1:59910,suspend=y,server=n -Dfile.encoding=UTF-8 
java_command: com.galt.library.App
java_class_path (initial): C:\Program Files\Java\jdk1.8.0_45\jre\lib\charsets.jar;C:\Program Files\Java\jdk1.8.0_45\jre\lib\deploy.jar;C:\Program Files\Java\jdk1.8.0_45\jre\lib\javaws.jar;C:\Program Files\Java\jdk1.8.0_45\jre\lib\jce.jar;C:\Program Files\Java\jdk1.8.0_45\jre\lib\jfr.jar;C:\Program Files\Java\jdk1.8.0_45\jre\lib\jfxswt.jar;C:\Program Files\Java\jdk1.8.0_45\jre\lib\jsse.jar;C:\Program Files\Java\jdk1.8.0_45\jre\lib\management-agent.jar;C:\Program Files\Java\jdk1.8.0_45\jre\lib\plugin.jar;C:\Program Files\Java\jdk1.8.0_45\jre\lib\resources.jar;C:\Program Files\Java\jdk1.8.0_45\jre\lib\rt.jar;C:\Program Files\Java\jdk1.8.0_45\jre\lib\ext\access-bridge-64.jar;C:\Program Files\Java\jdk1.8.0_45\jre\lib\ext\cldrdata.jar;C:\Program Files\Java\jdk1.8.0_45\jre\lib\ext\dnsns.jar;C:\Program Files\Java\jdk1.8.0_45\jre\lib\ext\jaccess.jar;C:\Program Files\Java\jdk1.8.0_45\jre\lib\ext\jfxrt.jar;C:\Program Files\Java\jdk1.8.0_45\jre\lib\ext\localedata.jar;C:\Program Files\Java\jdk1.8.0_45\jre\lib\ext\nashorn.jar;C:\Program Files\Java\jdk1.8.0_45\jre\lib\ext\sunec.jar;C:\Program Files\Java\jdk1.8.0_45\jre\lib\ext\sunjce_provider.jar;C:\Program Files\Java\jdk1.8.0_45\jre\lib\ext\sunmscapi.jar;C:\Program Files\Java\jdk1.8.0_45\jre\lib\ext\sunpkcs11.jar;C:\Program Files\Java\jdk1.8.0_45\jre\lib\ext\zipfs.jar;E:\workspace\lab-library\out\production\lab-library;E:\workspace\lab-library\libs\ormlite.jar;E:\workspace\lab-library\libs\ormlite-jdbc-4.48.jar;E:\workspace\lab-library\libs\mysql-connector-java-5.1.37-bin.jar;E:\Soft\IntelliJ IDEA Community Edition 14.1.2\lib\idea_rt.jar
Launcher Type: SUN_STANDARD

Environment Variables:
PATH=C:\Program Files\Java\jre1.8.0_45\bin;C:\Windows\system32;C:\Windows;C:\Windows\System32\Wbem;C:\Windows\System32\WindowsPowerShell\v1.0\;C:\Program Files (x86)\Windows Kits\8.1\Windows Performance Toolkit\;C:\Program Files\Microsoft SQL Server\110\Tools\Binn\;C:\Program Files (x86)\Microsoft SDKs\TypeScript\1.0\;C:\Program Files (x86)\NVIDIA Corporation\PhysX\Common;C:\Program Files (x86)\Common Files\Acronis\SnapAPI\;C:\WINDOWS\system32;C:\WINDOWS;C:\WINDOWS\System32\Wbem;C:\WINDOWS\System32\WindowsPowerShell\v1.0\;C:\Program Files (x86)\Skype\Phone\;C:\Program Files (x86)\MySQL\MySQL Fabric 1.5.4 & MySQL Utilities 1.5.4 1.5\;C:\Program Files (x86)\MySQL\MySQL Fabric 1.5.4 & MySQL Utilities 1.5.4 1.5\Doctrine extensions for PHP\;C:\Ruby22\bin;C:\Program Files\Java\jdk1.8.0_45\bin;Soft\Git\bin;E:\Soft\gradle-2.7\bin;E:\Soft\android-sdk-windows\tools;E:\Soft\android-sdk-windows\platform-tools
USERNAME=Grishechko
OS=Windows_NT
PROCESSOR_IDENTIFIER=Intel64 Family 6 Model 58 Stepping 9, GenuineIntel



---------------  S Y S T E M  ---------------

OS: Windows 10.0 , 64 bit Build 10240 (10.0.10240.16384)

CPU:total 4 (2 cores per cpu, 2 threads per core) family 6 model 58 stepping 9, cmov, cx8, fxsr, mmx, sse, sse2, sse3, ssse3, sse4.1, sse4.2, popcnt, avx, aes, clmul, erms, ht, tsc, tscinvbit, tscinv

Memory: 4k page, physical 8271492k(3172480k free), swap 17226668k(6370684k free)

vm_info: Java HotSpot(TM) 64-Bit Server VM (25.45-b02) for windows-amd64 JRE (1.8.0_45-b14), built on Apr 10 2015 10:34:15 by "java_re" with MS VC++ 10.0 (VS2010)

time: Thu Nov 26 13:43:13 2015
elapsed time: 259 seconds (0d 0h 4m 19s)

